        Output file describing compiled parser placed in Parser.fs and Parser.fsi
------------------------
states = 
state 0:  items:    _startunit ->  . unit
  actions:    action 'PATTERN' (noprec):   error
    action 'RECURSIVE' (noprec):   error
    action 'DATA' (noprec):   error
    action 'MAIN' (noprec):   error
    action 'EXPORT' (noprec):   error
    action 'AS' (noprec):   error
    action 'IMPORT' (noprec):   shift 2
    action 'EQUALS' (noprec):   error
    action 'ELLIPSIS' (noprec):   error
    action 'DOT' (noprec):   error
    action 'PLUS' (noprec):   error
    action 'DOUBLE_COLON' (noprec):   error
    action 'COLON' (noprec):   error
    action 'R_BRACKET' (noprec):   error
    action 'L_BRACKET' (noprec):   error
    action 'R_BRACE' (noprec):   error
    action 'L_BRACE' (noprec):   error
    action 'R_PAREN' (noprec):   error
    action 'L_PAREN' (noprec):   error
    action 'R_ANGLE' (noprec):   error
    action 'L_ANGLE' (noprec):   error
    action 'DECIMAL' (noprec):   error
    action 'INTEGER' (noprec):   error
    action 'PROPERTY_NAME' (noprec):   error
    action 'PREDICATE_NAME' (noprec):   error
    action 'OPERATOR_NAME' (noprec):   error
    action 'BIG_NAME' (noprec):   error
    action 'SMALL_NAME' (noprec):   error
    action 'error' (noprec):   error
    action '#' (noprec):   error
    action '$$' (noprec):   error
  immediate action: <none>  gotos:    goto unit: 1
state 1:  items:    _startunit -> unit . 
  actions:    action 'PATTERN' (noprec):   accept
    action 'RECURSIVE' (noprec):   accept
    action 'DATA' (noprec):   accept
    action 'MAIN' (noprec):   accept
    action 'EXPORT' (noprec):   accept
    action 'AS' (noprec):   accept
    action 'IMPORT' (noprec):   accept
    action 'EQUALS' (noprec):   accept
    action 'ELLIPSIS' (noprec):   accept
    action 'DOT' (noprec):   accept
    action 'PLUS' (noprec):   accept
    action 'DOUBLE_COLON' (noprec):   accept
    action 'COLON' (noprec):   accept
    action 'R_BRACKET' (noprec):   accept
    action 'L_BRACKET' (noprec):   accept
    action 'R_BRACE' (noprec):   accept
    action 'L_BRACE' (noprec):   accept
    action 'R_PAREN' (noprec):   accept
    action 'L_PAREN' (noprec):   accept
    action 'R_ANGLE' (noprec):   accept
    action 'L_ANGLE' (noprec):   accept
    action 'DECIMAL' (noprec):   accept
    action 'INTEGER' (noprec):   accept
    action 'PROPERTY_NAME' (noprec):   accept
    action 'PREDICATE_NAME' (noprec):   accept
    action 'OPERATOR_NAME' (noprec):   accept
    action 'BIG_NAME' (noprec):   accept
    action 'SMALL_NAME' (noprec):   accept
    action 'error' (noprec):   accept
    action '#' (noprec):   accept
    action '$$' (noprec):   accept
  immediate action:   accept  gotos:state 2:  items:    unit -> 'IMPORT' . 
  actions:    action 'PATTERN' (noprec):   reduce unit --> 'IMPORT'
    action 'RECURSIVE' (noprec):   reduce unit --> 'IMPORT'
    action 'DATA' (noprec):   reduce unit --> 'IMPORT'
    action 'MAIN' (noprec):   reduce unit --> 'IMPORT'
    action 'EXPORT' (noprec):   reduce unit --> 'IMPORT'
    action 'AS' (noprec):   reduce unit --> 'IMPORT'
    action 'IMPORT' (noprec):   reduce unit --> 'IMPORT'
    action 'EQUALS' (noprec):   reduce unit --> 'IMPORT'
    action 'ELLIPSIS' (noprec):   reduce unit --> 'IMPORT'
    action 'DOT' (noprec):   reduce unit --> 'IMPORT'
    action 'PLUS' (noprec):   reduce unit --> 'IMPORT'
    action 'DOUBLE_COLON' (noprec):   reduce unit --> 'IMPORT'
    action 'COLON' (noprec):   reduce unit --> 'IMPORT'
    action 'R_BRACKET' (noprec):   reduce unit --> 'IMPORT'
    action 'L_BRACKET' (noprec):   reduce unit --> 'IMPORT'
    action 'R_BRACE' (noprec):   reduce unit --> 'IMPORT'
    action 'L_BRACE' (noprec):   reduce unit --> 'IMPORT'
    action 'R_PAREN' (noprec):   reduce unit --> 'IMPORT'
    action 'L_PAREN' (noprec):   reduce unit --> 'IMPORT'
    action 'R_ANGLE' (noprec):   reduce unit --> 'IMPORT'
    action 'L_ANGLE' (noprec):   reduce unit --> 'IMPORT'
    action 'DECIMAL' (noprec):   reduce unit --> 'IMPORT'
    action 'INTEGER' (noprec):   reduce unit --> 'IMPORT'
    action 'PROPERTY_NAME' (noprec):   reduce unit --> 'IMPORT'
    action 'PREDICATE_NAME' (noprec):   reduce unit --> 'IMPORT'
    action 'OPERATOR_NAME' (noprec):   reduce unit --> 'IMPORT'
    action 'BIG_NAME' (noprec):   reduce unit --> 'IMPORT'
    action 'SMALL_NAME' (noprec):   reduce unit --> 'IMPORT'
    action 'error' (noprec):   reduce unit --> 'IMPORT'
    action '#' (noprec):   reduce unit --> 'IMPORT'
    action '$$' (noprec):   reduce unit --> 'IMPORT'
  immediate action:   reduce unit --> 'IMPORT'  gotos:
startStates = 0
------------------------
